<testsuite errors='0' failures='0' name='util.StringTokenizerTest' tests='5' time='0' ><testcase name="itWillHandleCorrectlySingleToken" time="0"/><testcase name="itWillHandleCorrectlyEmptyInput" time="0"/><testcase name="itWillHandleCorrectlyMultipleTokens" time="0"/><testcase name="itWillHandleCorrectlyEmptyTokens" time="0"/><testcase name="itWillHandleCorrectlyNotBlankDelimeter" time="0"/></testsuite>