<testsuite errors='0' failures='0' name='fitnesse.socketservice.SocketServiceTest' tests='7' time='0' ><testcase name="willCallStopOnCloseEventFromClient" time="0"/><testcase name="willSupportMultipleConnections" time="0"/><testcase name="onStartwillBeListeningToCorrectPort" time="0"/><testcase name="willLogAndShutDownOnCloseEvent" time="0"/><testcase name="willCreateServerOnConnectEvent" time="0"/><testcase name="willProperlyShutdownOnCloseWhenNotConnected" time="0"/><testcase name="willCallSererCloseOnServiceCloseWhenConnected" time="0"/></testsuite>