<testsuite errors='0' failures='0' name='fitnesse.slim.statement.StatementExecutorTest' tests='1' time='0' ><testcase name="willExecuteImportStatement" time="0"/></testsuite>