<testsuite errors='0' failures='0' name='fitnesse.slim.service.ListSerializerTest' tests='14' time='0' ><testcase name="listWithSublist" time="0"/><testcase name="emptyList" time="0"/><testcase name="cantDeserializeEmptyString" time="0"/><testcase name="serializeNullElement" time="0"/><testcase name="twoItemsSerialize" time="0"/><testcase name="cantDeserializeNullString" time="0"/><testcase name="oneItemListSerialize" time="0"/><testcase name="serializeNestedList" time="0"/><testcase name="serializeListWithNonString" time="0"/><testcase name="cantDeserializeStringThatDoesntStartWithBracket" time="0"/><testcase name="nullListSerialize" time="0"/><testcase name="listWithTwoElements" time="0"/><testcase name="cantDeserializeStringThatDoesntEndWithBracket" time="0"/><testcase name="listWithOneElement" time="0"/></testsuite>