<testsuite errors='0' failures='0' name='fitnesse.socketservice.AbstractSocketServerTest' tests='4' time='0' ><testcase name="willTraceSocketDataEventAndCallReadRequestFunction" time="0"/><testcase name="willLogIOErrorEventAndWillCallIOErrorFunction" time="0"/><testcase name="cannotBeInstantiatedDirectly" time="0"/><testcase name="willShutDownConnectionOnClose" time="0"/></testsuite>