<testsuite errors='0' failures='0' name='util.SprintfTest' tests='1' time='0' ><testcase name="testPaddedNumbers" time="0"/></testsuite>