<testsuite errors='0' failures='0' name='util.CommandLineTest' tests='18' time='0' ><testcase name="willComplainAboutMissingOptionArgument" time="0"/><testcase name="willComplainAboutMissingArgumentInCombo_SingleArgument" time="0"/><testcase name="willAcceptOneRequiredArgument" time="0"/><testcase name="willComplainAboutMissingArgumentInCombo_Opt1" time="0"/><testcase name="willComplainAboutExtraCommandLineArgumentInCombo" time="0"/><testcase name="willComplainAboutMissingArgumentEnd" time="0"/><testcase name="willComplainAboutMissingArgumentInCombo_Opt2" time="0"/><testcase name="willComplainAboutMissingCommandLineArgumentUnexpectedOption" time="0"/><testcase name="willAcceptThreeRequiredArguments" time="0"/><testcase name="willComplainAboutUnexpectedArgument" time="0"/><testcase name="willAcceptOneSimpleOption" time="0"/><testcase name="willNotComplainAboutMissingOption" time="0"/><testcase name="willThrowExceptionForUndefinedOptionSupplied" time="0"/><testcase name="WillAcceptOptionWithArgument" time="0"/><testcase name="willComplainAboutMissingOptionArgumentInCombo_Opt1Opt2Opt3" time="0"/><testcase name="willAcceptCombinationOfOptionsAndArguments" time="0"/><testcase name="willHandleEmptyInput" time="0"/><testcase name="willComplainAboutMissingArgumentInCombo_Empty" time="0"/></testsuite>