<testsuite errors='0' failures='0' name='fitnesse.slim.service.SlimInstructionProcessorTest' tests='1' time='0' ><testcase name="willProcessInstructions" time="0"/></testsuite>