<testsuite errors='0' failures='0' name='fitnesse.slim.statement.StatementFactoryTest' tests='5' time='0' ><testcase name="willReturnInvalidStatementIfNotFound" time="0"/><testcase name="willSupportCallAndAssignStatement" time="0"/><testcase name="willSupportCallStatement" time="0"/><testcase name="willSupportMakeStatement" time="0"/><testcase name="willSupportImportStatement" time="0"/></testsuite>