<testsuite errors='0' failures='0' name='util.OptionTokenizerTest' tests='6' time='0' ><testcase name="itWillHandleCorrectlyMultipleOptionsInput" time="0"/><testcase name="itWillHandleCorrectlySingleOptionWithArgsInput" time="0"/><testcase name="itWillHandleCorrectlyArgsOnlyInput" time="0"/><testcase name="itWillHandleCorrectlyEmptyInput" time="0"/><testcase name="itWillHandleCorrectlySingleOptionInput" time="0"/><testcase name="itWillHandleCorrectlyComboInput" time="0"/></testsuite>