<testsuite errors='0' failures='0' name='fitnesse.slim.service.SlimSocketServerTest' tests='3' time='0' ><testcase name="willCallInstructionProcessorIfNotBye" time="0"/><testcase name="willShutDownParentIfReceivedBye" time="0"/><testcase name="willSendVersionInConstructor" time="0"/><coverage classname="C:\Documents and Settings\asterkin\My Documents\My Projects\Flex Dev Env\flexslim\flexslim\src\main\flex;fitnesse\socketservice;SocketService.as"><touch>1</touch><touch>19</touch><touch>20</touch><touch>21</touch><touch>22</touch><touch>23</touch><touch>24</touch><touch>25</touch><touch>95</touch><touch>36</touch><touch>96</touch><touch>97</touch><touch>26</touch><touch>27</touch><touch>41</touch><touch>46</touch><touch>57</touch><touch>58</touch><touch>74</touch><touch>31</touch><touch>60</touch><touch>67</touch><touch>68</touch><touch>69</touch><touch>70</touch><touch>63</touch><touch>64</touch><touch>65</touch><touch>66</touch><touch>86</touch><touch>87</touch><touch>88</touch><touch>101</touch><touch>102</touch><touch>103</touch><touch>89</touch><touch>90</touch><touch>91</touch><touch>51</touch><touch>52</touch><touch>53</touch><touch>79</touch><touch>80</touch><touch>81</touch><touch>82</touch></coverage><coverage classname="C:\Documents and Settings\asterkin\My Documents\My Projects\Flex Dev Env\flexslim\flexslim\src\main\flex;fitnesse\slim\service;ListExecutor.as"><touch>1</touch><touch>12</touch><touch>13</touch><touch>14</touch><touch>15</touch><touch>19</touch><touch>20</touch><touch>21</touch><touch>27</touch><touch>28</touch><touch>29</touch><touch>30</touch><touch>31</touch><touch>32</touch><touch>22</touch></coverage><coverage classname="C:\Documents and Settings\asterkin\My Documents\My Projects\Flex Dev Env\flexslim\flexslim\src\main\flex;fitnesse\slim\statement;MakeStatement.as"><touch>1</touch><touch>11</touch><touch>12</touch><touch>13</touch><touch>14</touch><touch>15</touch><touch>19</touch></coverage><coverage classname="C:\Documents and Settings\asterkin\My Documents\My Projects\Flex Dev Env\flexslim\flexslim\src\main\flex;fitnesse\slim\service;SlimSocketServer.as"><touch>1</touch><touch>18</touch><touch>19</touch><touch>20</touch><touch>21</touch><touch>22</touch><touch>23</touch><touch>27</touch><touch>37</touch><touch>38</touch><touch>39</touch><touch>40</touch><touch>41</touch><touch>44</touch><touch>49</touch><touch>50</touch><touch>52</touch><touch>53</touch><touch>45</touch><touch>42</touch><touch>32</touch></coverage><coverage classname="C:\Documents and Settings\asterkin\My Documents\My Projects\Flex Dev Env\flexslim\flexslim\src\main\flex;util;MissingCommandLineOptionArgumentError.as"><touch>1</touch><touch>7</touch><touch>8</touch><touch>9</touch></coverage><coverage classname="C:\Documents and Settings\asterkin\My Documents\My Projects\Flex Dev Env\flexslim\flexslim\src\main\flex;fitnesse\slim\statement;IStatement.as"><touch>1</touch></coverage><coverage classname="C:\Documents and Settings\asterkin\My Documents\My Projects\Flex Dev Env\flexslim\flexslim\src\main\flex;fitnesse\socketservice;ISocketServer.as"><touch>1</touch></coverage><coverage classname="C:\Documents and Settings\asterkin\My Documents\My Projects\Flex Dev Env\flexslim\flexslim\src\main\flex;util;sprintf.as"><touch>321</touch><touch>28</touch><touch>52</touch><touch>54</touch><touch>55</touch><touch>57</touch><touch>59</touch><touch>295</touch><touch>61</touch><touch>62</touch><touch>64</touch><touch>65</touch><touch>66</touch><touch>67</touch><touch>68</touch><touch>70</touch><touch>71</touch><touch>73</touch><touch>75</touch><touch>76</touch><touch>77</touch><touch>78</touch><touch>79</touch><touch>80</touch><touch>81</touch><touch>82</touch><touch>83</touch><touch>84</touch><touch>125</touch><touch>127</touch><touch>128</touch><touch>153</touch><touch>176</touch><touch>196</touch><touch>198</touch><touch>229</touch><touch>230</touch><touch>256</touch><touch>271</touch><touch>272</touch><touch>273</touch><touch>275</touch><touch>278</touch><touch>286</touch><touch>287</touch><touch>299</touch><touch>85</touch><touch>87</touch><touch>89</touch><touch>91</touch><touch>92</touch><touch>103</touch><touch>112</touch><touch>120</touch><touch>93</touch><touch>95</touch><touch>97</touch><touch>100</touch><touch>114</touch><touch>115</touch><touch>129</touch><touch>130</touch><touch>132</touch><touch>135</touch><touch>137</touch><touch>140</touch><touch>142</touch><touch>144</touch><touch>145</touch><touch>308</touch><touch>310</touch><touch>312</touch><touch>313</touch><touch>315</touch><touch>150</touch><touch>151</touch></coverage><coverage classname="C:\Documents and Settings\asterkin\My Documents\My Projects\Flex Dev Env\flexslim\flexslim\src\main\flex;fitnesse\slim\statement;ImportStatement.as"><touch>1</touch><touch>9</touch><touch>10</touch><touch>11</touch><touch>15</touch></coverage><coverage classname="C:\Documents and Settings\asterkin\My Documents\My Projects\Flex Dev Env\flexslim\flexslim\src\main\flex;fitnesse\slim\statement;SlimError.as"><touch>1</touch><touch>9</touch><touch>10</touch><touch>11</touch><touch>15</touch></coverage><coverage classname="C:\Documents and Settings\asterkin\My Documents\My Projects\Flex Dev Env\flexslim\flexslim\src\main\flex;fitnesse\slim\service;ListSerializer.as"><touch>1</touch><touch>89</touch><touch>67</touch><touch>72</touch><touch>73</touch><touch>75</touch><touch>83</touch><touch>84</touch><touch>85</touch><touch>76</touch><touch>78</touch><touch>14</touch><touch>20</touch><touch>22</touch><touch>24</touch><touch>15</touch><touch>28</touch><touch>30</touch><touch>32</touch><touch>37</touch><touch>39</touch><touch>40</touch><touch>46</touch><touch>48</touch><touch>51</touch><touch>59</touch><touch>31</touch><touch>62</touch><touch>52</touch><touch>41</touch><touch>23</touch><touch>21</touch></coverage><coverage classname="C:\Documents and Settings\asterkin\My Documents\My Projects\Flex Dev Env\flexslim\flexslim\src\main\flex;util;StringTokenizer.as"><touch>1</touch><touch>7</touch><touch>9</touch><touch>11</touch><touch>12</touch></coverage><coverage classname="C:\Documents and Settings\asterkin\My Documents\My Projects\Flex Dev Env\flexslim\flexslim\src\main\flex;fitnesse\slim;SlimVersion.as"><touch>1</touch></coverage><coverage classname="C:\Documents and Settings\asterkin\My Documents\My Projects\Flex Dev Env\flexslim\flexslim\src\main\flex;fitnesse\slim\service;SlimSocketServerFactory.as"><touch>1</touch><touch>13</touch><touch>14</touch><touch>15</touch><touch>16</touch><touch>19</touch><touch>20</touch><touch>24</touch></coverage><coverage classname="C:\Documents and Settings\asterkin\My Documents\My Projects\Flex Dev Env\flexslim\flexslim\src\main\flex;fitnesse\slim\service;SlimSocketService.as"><touch>1</touch><touch>23</touch><touch>25</touch><touch>13</touch><touch>16</touch><touch>18</touch><touch>19</touch><touch>26</touch><touch>27</touch><touch>28</touch><touch>29</touch><touch>30</touch><touch>14</touch></coverage><coverage classname="C:\Documents and Settings\asterkin\My Documents\My Projects\Flex Dev Env\flexslim\flexslim\src\main\flex;fitnesse\slim\statement;CallAndAssignStatement.as"><touch>1</touch><touch>12</touch><touch>13</touch><touch>14</touch><touch>15</touch><touch>16</touch><touch>17</touch><touch>21</touch></coverage><coverage classname="C:\Documents and Settings\asterkin\My Documents\My Projects\Flex Dev Env\flexslim\flexslim\src\main\flex;fitnesse\slim\service;SlimInstructionProcessor.as"><touch>1</touch><touch>14</touch><touch>15</touch><touch>16</touch><touch>17</touch><touch>31</touch><touch>21</touch><touch>32</touch><touch>26</touch><touch>34</touch></coverage><coverage classname="C:\Documents and Settings\asterkin\My Documents\My Projects\Flex Dev Env\flexslim\flexslim\src\main\flex;fitnesse\socketservice;ISocketServerFactory.as"><touch>1</touch></coverage><coverage classname="C:\Documents and Settings\asterkin\My Documents\My Projects\Flex Dev Env\flexslim\flexslim\src\main\flex;fitnesse\slim\statement;StatementExecutor.as"><touch>1</touch><touch>8</touch><touch>9</touch><touch>10</touch><touch>19</touch><touch>20</touch><touch>14</touch></coverage><coverage classname="C:\Documents and Settings\asterkin\My Documents\My Projects\Flex Dev Env\flexslim\flexslim\src\main\flex;fitnesse\socketservice;AbstractSocketServer.as"><touch>1</touch><touch>15</touch><touch>16</touch><touch>18</touch><touch>19</touch><touch>20</touch><touch>26</touch><touch>21</touch><touch>22</touch><touch>31</touch><touch>54</touch><touch>55</touch><touch>56</touch><touch>43</touch><touch>44</touch><touch>45</touch><touch>17</touch><touch>36</touch><touch>37</touch><touch>38</touch></coverage><coverage classname="C:\Documents and Settings\asterkin\My Documents\My Projects\Flex Dev Env\flexslim\flexslim\src\main\flex;util;OptionToken.as"><touch>1</touch><touch>9</touch><touch>10</touch><touch>11</touch><touch>12</touch><touch>16</touch><touch>21</touch><touch>26</touch></coverage><coverage classname="C:\Documents and Settings\asterkin\My Documents\My Projects\Flex Dev Env\flexslim\flexslim\src\main\flex;fitnesse\slim\statement;InvalidStatement.as"><touch>1</touch><touch>10</touch><touch>11</touch><touch>12</touch><touch>16</touch></coverage><coverage classname="C:\Documents and Settings\asterkin\My Documents\My Projects\Flex Dev Env\flexslim\flexslim\src\main\flex;util;OptionTokenizer.as"><touch>1</touch><touch>7</touch><touch>8</touch><touch>9</touch><touch>11</touch><touch>12</touch><touch>15</touch><touch>25</touch><touch>26</touch><touch>16</touch><touch>13</touch><touch>19</touch><touch>30</touch><touch>31</touch><touch>32</touch><touch>20</touch></coverage><coverage classname="C:\Documents and Settings\asterkin\My Documents\My Projects\Flex Dev Env\flexslim\flexslim\src\main\flex;fitnesse\slim\service;ISlimServiceContext.as"><touch>1</touch></coverage><coverage classname="C:\Documents and Settings\asterkin\My Documents\My Projects\Flex Dev Env\flexslim\flexslim\src\main\flex;util;CommandLine.as"><touch>1</touch><touch>40</touch><touch>17</touch><touch>19</touch><touch>20</touch><touch>21</touch><touch>41</touch><touch>53</touch><touch>43</touch><touch>26</touch><touch>28</touch><touch>44</touch><touch>46</touch><touch>49</touch><touch>7</touch><touch>27</touch><touch>32</touch><touch>35</touch><touch>36</touch><touch>12</touch><touch>47</touch><touch>33</touch></coverage><coverage classname="C:\Documents and Settings\asterkin\My Documents\My Projects\Flex Dev Env\flexslim\flexslim\src\main\flex;fitnesse\slim\service;IInstructionProcessor.as"><touch>1</touch></coverage><coverage classname="C:\Documents and Settings\asterkin\My Documents\My Projects\Flex Dev Env\flexslim\flexslim\src\main\flex;util;UndefinedCommandLineOptionSuppliedError.as"><touch>1</touch><touch>7</touch><touch>9</touch><touch>10</touch></coverage><coverage classname="C:\Documents and Settings\asterkin\My Documents\My Projects\Flex Dev Env\flexslim\flexslim\src\main\flex;fitnesse\slim\statement;StatementFactory.as"><touch>1</touch><touch>9</touch><touch>10</touch><touch>11</touch><touch>12</touch><touch>13</touch><touch>14</touch><touch>15</touch><touch>19</touch><touch>20</touch><touch>22</touch><touch>21</touch><touch>53</touch><touch>54</touch><touch>55</touch><touch>57</touch><touch>45</touch><touch>46</touch><touch>48</touch><touch>37</touch><touch>38</touch><touch>40</touch><touch>32</touch></coverage><coverage classname="C:\Documents and Settings\asterkin\My Documents\My Projects\Flex Dev Env\flexslim\flexslim\src\main\flex;util;UnexpectedCommandLineArgumentError.as"><touch>1</touch><touch>8</touch><touch>9</touch><touch>10</touch></coverage><coverage classname="C:\Documents and Settings\asterkin\My Documents\My Projects\Flex Dev Env\flexslim\flexslim\src\main\flex;util;MissingCommandLineArgumentError.as"><touch>1</touch><touch>7</touch><touch>8</touch><touch>9</touch></coverage><coverage classname="C:\Documents and Settings\asterkin\My Documents\My Projects\Flex Dev Env\flexslim\flexslim\src\main\flex;util;CommandLineError.as"><touch>1</touch><touch>7</touch><touch>8</touch></coverage><coverage classname="C:\Documents and Settings\asterkin\My Documents\My Projects\Flex Dev Env\flexslim\flexslim\src\main\flex;fitnesse\slim\statement;CallStatement.as"><touch>1</touch><touch>11</touch><touch>12</touch><touch>13</touch><touch>14</touch><touch>15</touch><touch>19</touch></coverage><coverage classname="C:\Documents and Settings\asterkin\My Documents\My Projects\Flex Dev Env\flexslim\flexslim\src\main\flex;util;CommandLineOption.as"><touch>1</touch><touch>8</touch><touch>10</touch><touch>14</touch><touch>38</touch><touch>39</touch><touch>29</touch><touch>31</touch><touch>33</touch><touch>34</touch><touch>40</touch><touch>44</touch><touch>46</touch><touch>47</touch><touch>48</touch><touch>30</touch><touch>19</touch><touch>32</touch><touch>24</touch></coverage></testsuite>